{"total": {"lines":{"total":5442,"covered":3519,"skipped":0,"pct":64.66},"statements":{"total":6177,"covered":3968,"skipped":0,"pct":64.23},"functions":{"total":498,"covered":345,"skipped":0,"pct":69.27},"branches":{"total":2969,"covered":1838,"skipped":0,"pct":61.9},"branchesTrue":{"total":0,"covered":0,"skipped":0,"pct":100}}
,"P:\\projects\\rabbits\\.worktrees\\testing-gaps\\src\\engine\\audio.ts": {"lines":{"total":588,"covered":588,"skipped":0,"pct":100},"functions":{"total":58,"covered":58,"skipped":0,"pct":100},"statements":{"total":643,"covered":638,"skipped":0,"pct":99.22},"branches":{"total":121,"covered":114,"skipped":0,"pct":94.21}}
,"P:\\projects\\rabbits\\.worktrees\\testing-gaps\\src\\engine\\canvasAnimations.ts": {"lines":{"total":87,"covered":2,"skipped":0,"pct":2.29},"functions":{"total":3,"covered":0,"skipped":0,"pct":0},"statements":{"total":118,"covered":2,"skipped":0,"pct":1.69},"branches":{"total":29,"covered":0,"skipped":0,"pct":0}}
,"P:\\projects\\rabbits\\.worktrees\\testing-gaps\\src\\engine\\constants.ts": {"lines":{"total":84,"covered":84,"skipped":0,"pct":100},"functions":{"total":0,"covered":0,"skipped":0,"pct":100},"statements":{"total":84,"covered":84,"skipped":0,"pct":100},"branches":{"total":0,"covered":0,"skipped":0,"pct":100}}
,"P:\\projects\\rabbits\\.worktrees\\testing-gaps\\src\\engine\\debugFlags.ts": {"lines":{"total":7,"covered":7,"skipped":0,"pct":100},"functions":{"total":2,"covered":2,"skipped":0,"pct":100},"statements":{"total":7,"covered":7,"skipped":0,"pct":100},"branches":{"total":6,"covered":6,"skipped":0,"pct":100}}
,"P:\\projects\\rabbits\\.worktrees\\testing-gaps\\src\\engine\\fastMath.ts": {"lines":{"total":17,"covered":17,"skipped":0,"pct":100},"functions":{"total":3,"covered":3,"skipped":0,"pct":100},"statements":{"total":18,"covered":18,"skipped":0,"pct":100},"branches":{"total":0,"covered":0,"skipped":0,"pct":100}}
,"P:\\projects\\rabbits\\.worktrees\\testing-gaps\\src\\engine\\gameLoop.ts": {"lines":{"total":1128,"covered":870,"skipped":0,"pct":77.12},"functions":{"total":71,"covered":49,"skipped":0,"pct":69.01},"statements":{"total":1303,"covered":975,"skipped":0,"pct":74.82},"branches":{"total":785,"covered":506,"skipped":0,"pct":64.45}}
,"P:\\projects\\rabbits\\.worktrees\\testing-gaps\\src\\engine\\haptics.ts": {"lines":{"total":12,"covered":12,"skipped":0,"pct":100},"functions":{"total":7,"covered":7,"skipped":0,"pct":100},"statements":{"total":18,"covered":18,"skipped":0,"pct":100},"branches":{"total":16,"covered":15,"skipped":0,"pct":93.75}}
,"P:\\projects\\rabbits\\.worktrees\\testing-gaps\\src\\engine\\hazardCollision.ts": {"lines":{"total":47,"covered":47,"skipped":0,"pct":100},"functions":{"total":5,"covered":5,"skipped":0,"pct":100},"statements":{"total":58,"covered":58,"skipped":0,"pct":100},"branches":{"total":44,"covered":44,"skipped":0,"pct":100}}
,"P:\\projects\\rabbits\\.worktrees\\testing-gaps\\src\\engine\\input.ts": {"lines":{"total":36,"covered":36,"skipped":0,"pct":100},"functions":{"total":10,"covered":10,"skipped":0,"pct":100},"statements":{"total":42,"covered":41,"skipped":0,"pct":97.61},"branches":{"total":18,"covered":17,"skipped":0,"pct":94.44}}
,"P:\\projects\\rabbits\\.worktrees\\testing-gaps\\src\\engine\\lobbyGame.ts": {"lines":{"total":512,"covered":198,"skipped":0,"pct":38.67},"functions":{"total":19,"covered":13,"skipped":0,"pct":68.42},"statements":{"total":596,"covered":244,"skipped":0,"pct":40.93},"branches":{"total":219,"covered":139,"skipped":0,"pct":63.47}}
,"P:\\projects\\rabbits\\.worktrees\\testing-gaps\\src\\engine\\navDebugOverlay.ts": {"lines":{"total":131,"covered":0,"skipped":0,"pct":0},"functions":{"total":4,"covered":0,"skipped":0,"pct":0},"statements":{"total":137,"covered":0,"skipped":0,"pct":0},"branches":{"total":29,"covered":0,"skipped":0,"pct":0}}
,"P:\\projects\\rabbits\\.worktrees\\testing-gaps\\src\\engine\\physics.ts": {"lines":{"total":152,"covered":140,"skipped":0,"pct":92.1},"functions":{"total":15,"covered":15,"skipped":0,"pct":100},"statements":{"total":174,"covered":162,"skipped":0,"pct":93.1},"branches":{"total":156,"covered":143,"skipped":0,"pct":91.66}}
,"P:\\projects\\rabbits\\.worktrees\\testing-gaps\\src\\engine\\renderer.ts": {"lines":{"total":301,"covered":0,"skipped":0,"pct":0},"functions":{"total":13,"covered":0,"skipped":0,"pct":0},"statements":{"total":342,"covered":0,"skipped":0,"pct":0},"branches":{"total":148,"covered":0,"skipped":0,"pct":0}}
,"P:\\projects\\rabbits\\.worktrees\\testing-gaps\\src\\engine\\spriteShading.ts": {"lines":{"total":38,"covered":0,"skipped":0,"pct":0},"functions":{"total":4,"covered":0,"skipped":0,"pct":0},"statements":{"total":39,"covered":0,"skipped":0,"pct":0},"branches":{"total":0,"covered":0,"skipped":0,"pct":100}}
,"P:\\projects\\rabbits\\.worktrees\\testing-gaps\\src\\engine\\stomp.ts": {"lines":{"total":77,"covered":77,"skipped":0,"pct":100},"functions":{"total":7,"covered":7,"skipped":0,"pct":100},"statements":{"total":87,"covered":87,"skipped":0,"pct":100},"branches":{"total":52,"covered":52,"skipped":0,"pct":100}}
,"P:\\projects\\rabbits\\.worktrees\\testing-gaps\\src\\engine\\touchDetect.ts": {"lines":{"total":4,"covered":4,"skipped":0,"pct":100},"functions":{"total":1,"covered":1,"skipped":0,"pct":100},"statements":{"total":5,"covered":5,"skipped":0,"pct":100},"branches":{"total":6,"covered":5,"skipped":0,"pct":83.33}}
,"P:\\projects\\rabbits\\.worktrees\\testing-gaps\\src\\engine\\touchInput.ts": {"lines":{"total":138,"covered":138,"skipped":0,"pct":100},"functions":{"total":16,"covered":15,"skipped":0,"pct":93.75},"statements":{"total":151,"covered":147,"skipped":0,"pct":97.35},"branches":{"total":54,"covered":48,"skipped":0,"pct":88.88}}
,"P:\\projects\\rabbits\\.worktrees\\testing-gaps\\src\\engine\\types.ts": {"lines":{"total":2,"covered":2,"skipped":0,"pct":100},"functions":{"total":1,"covered":1,"skipped":0,"pct":100},"statements":{"total":2,"covered":2,"skipped":0,"pct":100},"branches":{"total":0,"covered":0,"skipped":0,"pct":100}}
,"P:\\projects\\rabbits\\.worktrees\\testing-gaps\\src\\engine\\__tests__\\testHelpers.ts": {"lines":{"total":3,"covered":3,"skipped":0,"pct":100},"functions":{"total":2,"covered":2,"skipped":0,"pct":100},"statements":{"total":3,"covered":3,"skipped":0,"pct":100},"branches":{"total":3,"covered":3,"skipped":0,"pct":100}}
,"P:\\projects\\rabbits\\.worktrees\\testing-gaps\\src\\engine\\ai\\aiController.ts": {"lines":{"total":146,"covered":124,"skipped":0,"pct":84.93},"functions":{"total":12,"covered":9,"skipped":0,"pct":75},"statements":{"total":150,"covered":128,"skipped":0,"pct":85.33},"branches":{"total":71,"covered":54,"skipped":0,"pct":76.05}}
,"P:\\projects\\rabbits\\.worktrees\\testing-gaps\\src\\engine\\ai\\awareness.ts": {"lines":{"total":209,"covered":167,"skipped":0,"pct":79.9},"functions":{"total":6,"covered":5,"skipped":0,"pct":83.33},"statements":{"total":238,"covered":186,"skipped":0,"pct":78.15},"branches":{"total":223,"covered":166,"skipped":0,"pct":74.43}}
,"P:\\projects\\rabbits\\.worktrees\\testing-gaps\\src\\engine\\ai\\personality.ts": {"lines":{"total":4,"covered":4,"skipped":0,"pct":100},"functions":{"total":2,"covered":2,"skipped":0,"pct":100},"statements":{"total":4,"covered":4,"skipped":0,"pct":100},"branches":{"total":0,"covered":0,"skipped":0,"pct":100}}
,"P:\\projects\\rabbits\\.worktrees\\testing-gaps\\src\\engine\\ai\\reachability.ts": {"lines":{"total":152,"covered":146,"skipped":0,"pct":96.05},"functions":{"total":8,"covered":8,"skipped":0,"pct":100},"statements":{"total":178,"covered":161,"skipped":0,"pct":90.44},"branches":{"total":100,"covered":81,"skipped":0,"pct":81}}
,"P:\\projects\\rabbits\\.worktrees\\testing-gaps\\src\\engine\\ai\\types.ts": {"lines":{"total":0,"covered":0,"skipped":0,"pct":100},"functions":{"total":0,"covered":0,"skipped":0,"pct":100},"statements":{"total":0,"covered":0,"skipped":0,"pct":100},"branches":{"total":0,"covered":0,"skipped":0,"pct":100}}
,"P:\\projects\\rabbits\\.worktrees\\testing-gaps\\src\\engine\\ai\\utility.ts": {"lines":{"total":239,"covered":206,"skipped":0,"pct":86.19},"functions":{"total":20,"covered":20,"skipped":0,"pct":100},"statements":{"total":311,"covered":259,"skipped":0,"pct":83.27},"branches":{"total":329,"covered":255,"skipped":0,"pct":77.5}}
,"P:\\projects\\rabbits\\.worktrees\\testing-gaps\\src\\engine\\arenas\\builtin.ts": {"lines":{"total":1,"covered":1,"skipped":0,"pct":100},"functions":{"total":1,"covered":1,"skipped":0,"pct":100},"statements":{"total":1,"covered":1,"skipped":0,"pct":100},"branches":{"total":0,"covered":0,"skipped":0,"pct":100}}
,"P:\\projects\\rabbits\\.worktrees\\testing-gaps\\src\\engine\\arenas\\legacy.ts": {"lines":{"total":13,"covered":13,"skipped":0,"pct":100},"functions":{"total":12,"covered":12,"skipped":0,"pct":100},"statements":{"total":15,"covered":15,"skipped":0,"pct":100},"branches":{"total":3,"covered":2,"skipped":0,"pct":66.66}}
,"P:\\projects\\rabbits\\.worktrees\\testing-gaps\\src\\engine\\arenas\\registry.ts": {"lines":{"total":15,"covered":15,"skipped":0,"pct":100},"functions":{"total":9,"covered":9,"skipped":0,"pct":100},"statements":{"total":19,"covered":19,"skipped":0,"pct":100},"branches":{"total":11,"covered":11,"skipped":0,"pct":100}}
,"P:\\projects\\rabbits\\.worktrees\\testing-gaps\\src\\engine\\arenas\\types.ts": {"lines":{"total":0,"covered":0,"skipped":0,"pct":100},"functions":{"total":0,"covered":0,"skipped":0,"pct":100},"statements":{"total":0,"covered":0,"skipped":0,"pct":100},"branches":{"total":0,"covered":0,"skipped":0,"pct":100}}
,"P:\\projects\\rabbits\\.worktrees\\testing-gaps\\src\\engine\\characters\\builtin.ts": {"lines":{"total":3,"covered":3,"skipped":0,"pct":100},"functions":{"total":1,"covered":1,"skipped":0,"pct":100},"statements":{"total":3,"covered":3,"skipped":0,"pct":100},"branches":{"total":0,"covered":0,"skipped":0,"pct":100}}
,"P:\\projects\\rabbits\\.worktrees\\testing-gaps\\src\\engine\\characters\\fallbacks.ts": {"lines":{"total":13,"covered":2,"skipped":0,"pct":15.38},"functions":{"total":2,"covered":0,"skipped":0,"pct":0},"statements":{"total":13,"covered":2,"skipped":0,"pct":15.38},"branches":{"total":0,"covered":0,"skipped":0,"pct":100}}
,"P:\\projects\\rabbits\\.worktrees\\testing-gaps\\src\\engine\\characters\\legRenderer.ts": {"lines":{"total":132,"covered":5,"skipped":0,"pct":3.78},"functions":{"total":11,"covered":0,"skipped":0,"pct":0},"statements":{"total":134,"covered":5,"skipped":0,"pct":3.73},"branches":{"total":54,"covered":0,"skipped":0,"pct":0}}
,"P:\\projects\\rabbits\\.worktrees\\testing-gaps\\src\\engine\\characters\\legacy.ts": {"lines":{"total":21,"covered":21,"skipped":0,"pct":100},"functions":{"total":6,"covered":6,"skipped":0,"pct":100},"statements":{"total":26,"covered":26,"skipped":0,"pct":100},"branches":{"total":10,"covered":9,"skipped":0,"pct":90}}
,"P:\\projects\\rabbits\\.worktrees\\testing-gaps\\src\\engine\\characters\\registry.ts": {"lines":{"total":13,"covered":13,"skipped":0,"pct":100},"functions":{"total":11,"covered":11,"skipped":0,"pct":100},"statements":{"total":15,"covered":15,"skipped":0,"pct":100},"branches":{"total":15,"covered":15,"skipped":0,"pct":100}}
,"P:\\projects\\rabbits\\.worktrees\\testing-gaps\\src\\engine\\characters\\types.ts": {"lines":{"total":0,"covered":0,"skipped":0,"pct":100},"functions":{"total":0,"covered":0,"skipped":0,"pct":100},"statements":{"total":0,"covered":0,"skipped":0,"pct":100},"branches":{"total":0,"covered":0,"skipped":0,"pct":100}}
,"P:\\projects\\rabbits\\.worktrees\\testing-gaps\\src\\engine\\net\\debugOverlay.ts": {"lines":{"total":28,"covered":0,"skipped":0,"pct":0},"functions":{"total":1,"covered":0,"skipped":0,"pct":0},"statements":{"total":29,"covered":0,"skipped":0,"pct":0},"branches":{"total":6,"covered":0,"skipped":0,"pct":0}}
,"P:\\projects\\rabbits\\.worktrees\\testing-gaps\\src\\engine\\net\\netMatch.ts": {"lines":{"total":46,"covered":0,"skipped":0,"pct":0},"functions":{"total":19,"covered":0,"skipped":0,"pct":0},"statements":{"total":46,"covered":0,"skipped":0,"pct":0},"branches":{"total":32,"covered":0,"skipped":0,"pct":0}}
,"P:\\projects\\rabbits\\.worktrees\\testing-gaps\\src\\engine\\net\\networkSimulator.ts": {"lines":{"total":37,"covered":31,"skipped":0,"pct":83.78},"functions":{"total":9,"covered":8,"skipped":0,"pct":88.88},"statements":{"total":41,"covered":34,"skipped":0,"pct":82.92},"branches":{"total":37,"covered":19,"skipped":0,"pct":51.35}}
,"P:\\projects\\rabbits\\.worktrees\\testing-gaps\\src\\engine\\net\\prng.ts": {"lines":{"total":13,"covered":13,"skipped":0,"pct":100},"functions":{"total":7,"covered":7,"skipped":0,"pct":100},"statements":{"total":13,"covered":13,"skipped":0,"pct":100},"branches":{"total":0,"covered":0,"skipped":0,"pct":100}}
,"P:\\projects\\rabbits\\.worktrees\\testing-gaps\\src\\engine\\net\\protocol.ts": {"lines":{"total":66,"covered":64,"skipped":0,"pct":96.96},"functions":{"total":10,"covered":10,"skipped":0,"pct":100},"statements":{"total":77,"covered":72,"skipped":0,"pct":93.5},"branches":{"total":36,"covered":30,"skipped":0,"pct":83.33}}
,"P:\\projects\\rabbits\\.worktrees\\testing-gaps\\src\\engine\\net\\rollback.ts": {"lines":{"total":339,"covered":150,"skipped":0,"pct":44.24},"functions":{"total":21,"covered":11,"skipped":0,"pct":52.38},"statements":{"total":378,"covered":162,"skipped":0,"pct":42.85},"branches":{"total":167,"covered":55,"skipped":0,"pct":32.93}}
,"P:\\projects\\rabbits\\.worktrees\\testing-gaps\\src\\engine\\net\\serialize.ts": {"lines":{"total":295,"covered":295,"skipped":0,"pct":100},"functions":{"total":31,"covered":31,"skipped":0,"pct":100},"statements":{"total":348,"covered":348,"skipped":0,"pct":100},"branches":{"total":51,"covered":43,"skipped":0,"pct":84.31}}
,"P:\\projects\\rabbits\\.worktrees\\testing-gaps\\src\\engine\\net\\transport.ts": {"lines":{"total":278,"covered":7,"skipped":0,"pct":2.51},"functions":{"total":52,"covered":0,"skipped":0,"pct":0},"statements":{"total":293,"covered":7,"skipped":0,"pct":2.38},"branches":{"total":132,"covered":0,"skipped":0,"pct":0}}
,"P:\\projects\\rabbits\\.worktrees\\testing-gaps\\src\\engine\\themes\\types.ts": {"lines":{"total":0,"covered":0,"skipped":0,"pct":100},"functions":{"total":0,"covered":0,"skipped":0,"pct":100},"statements":{"total":0,"covered":0,"skipped":0,"pct":100},"branches":{"total":0,"covered":0,"skipped":0,"pct":100}}
,"P:\\projects\\rabbits\\.worktrees\\testing-gaps\\src\\engine\\themes\\utils.ts": {"lines":{"total":15,"covered":14,"skipped":0,"pct":93.33},"functions":{"total":6,"covered":6,"skipped":0,"pct":100},"statements":{"total":18,"covered":17,"skipped":0,"pct":94.44},"branches":{"total":6,"covered":6,"skipped":0,"pct":100}}
}
